<?xml version="1.0" encoding="UTF-8"?>
<testng-results skipped="0" failed="0" total="1" passed="1">
  <reporter-output>
  </reporter-output>
  <suite name="Default suite" duration-ms="62187" started-at="2021-05-24T05:23:09Z" finished-at="2021-05-24T05:24:11Z">
    <groups>
    </groups>
    <test name="Default test" duration-ms="62187" started-at="2021-05-24T05:23:09Z" finished-at="2021-05-24T05:24:11Z">
      <class name="test.testPageFactory">
        <test-method status="PASS" signature="setup()[pri:0, instance:test.testPageFactory@58ceff1]" name="setup" is-config="true" duration-ms="10848" started-at="2021-05-24T10:53:09Z" finished-at="2021-05-24T10:53:20Z">
          <reporter-output>
          </reporter-output>
        </test-method> <!-- setup -->
        <test-method status="PASS" signature="testPage_factory()[pri:0, instance:test.testPageFactory@58ceff1]" name="testPage_factory" duration-ms="51323" started-at="2021-05-24T10:53:20Z" finished-at="2021-05-24T10:54:11Z">
          <reporter-output>
          </reporter-output>
        </test-method> <!-- testPage_factory -->
      </class> <!-- test.testPageFactory -->
    </test> <!-- Default test -->
  </suite> <!-- Default suite -->
</testng-results>
